Using pre-set license
Built from '2021.3/staging' branch; Version is '2021.3.26f1 (a16dc32e0ff2) revision 10579395'; Using compiler version '192829333'; Build Type 'Release'
OS: 'Windows 10  (10.0.19045) 64bit Enterprise' Language: 'en' Physical Memory: 65224 MB
BatchMode: 1, IsHumanControllingUs: 0, StartBugReporterOnCrash: 0, Is64bit: 1, IsPro: 1

COMMAND LINE ARGUMENTS:
C:\Program Files\Unity\Hub\Editor\2021.3.26f1\Editor\Unity.exe
-adb2
-batchMode
-noUpm
-name
AssetImportWorker0
-projectPath
C:/Users/arjay.comabig1/AnimatorOptimizations
-logFile
Logs/AssetImportWorker0.log
-srvPort
49372
Successfully changed project path to: C:/Users/arjay.comabig1/AnimatorOptimizations
C:/Users/arjay.comabig1/AnimatorOptimizations
[UnityMemory] Configuration Parameters - Can be set up in boot.config
    "memorysetup-bucket-allocator-granularity=16"
    "memorysetup-bucket-allocator-bucket-count=8"
    "memorysetup-bucket-allocator-block-size=33554432"
    "memorysetup-bucket-allocator-block-count=8"
    "memorysetup-main-allocator-block-size=16777216"
    "memorysetup-thread-allocator-block-size=16777216"
    "memorysetup-gfx-main-allocator-block-size=16777216"
    "memorysetup-gfx-thread-allocator-block-size=16777216"
    "memorysetup-cache-allocator-block-size=4194304"
    "memorysetup-typetree-allocator-block-size=2097152"
    "memorysetup-profiler-bucket-allocator-granularity=16"
    "memorysetup-profiler-bucket-allocator-bucket-count=8"
    "memorysetup-profiler-bucket-allocator-block-size=33554432"
    "memorysetup-profiler-bucket-allocator-block-count=8"
    "memorysetup-profiler-allocator-block-size=16777216"
    "memorysetup-profiler-editor-allocator-block-size=1048576"
    "memorysetup-temp-allocator-size-main=16777216"
    "memorysetup-job-temp-allocator-block-size=2097152"
    "memorysetup-job-temp-allocator-block-size-background=1048576"
    "memorysetup-job-temp-allocator-reduction-small-platforms=262144"
    "memorysetup-temp-allocator-size-background-worker=32768"
    "memorysetup-temp-allocator-size-job-worker=262144"
    "memorysetup-temp-allocator-size-preload-manager=33554432"
    "memorysetup-temp-allocator-size-nav-mesh-worker=65536"
    "memorysetup-temp-allocator-size-audio-worker=65536"
    "memorysetup-temp-allocator-size-cloud-worker=32768"
    "memorysetup-temp-allocator-size-gi-baking-worker=262144"
    "memorysetup-temp-allocator-size-gfx=262144"
Player connection [25852] Host "[IP] 172.27.15.249 [Port] 0 [Flags] 2 [Guid] 4157976893 [EditorId] 4157976893 [Version] 1048832 [Id] WindowsEditor(7,NS00J002011DE19) [Debug] 1 [PackageName] WindowsEditor [ProjectName] Editor" joined multi-casting on [225.0.0.222:54997]...

Player connection [25852] Host "[IP] 172.27.15.249 [Port] 0 [Flags] 2 [Guid] 4157976893 [EditorId] 4157976893 [Version] 1048832 [Id] WindowsEditor(7,NS00J002011DE19) [Debug] 1 [PackageName] WindowsEditor [ProjectName] Editor" joined alternative multi-casting on [225.0.0.222:34997]...

Refreshing native plugins compatible for Editor in 67.26 ms, found 3 plugins.
Preloading 0 native plugins for Editor in 0.00 ms.
Initialize engine version: 2021.3.26f1 (a16dc32e0ff2)
[Subsystems] Discovering subsystems at path C:/Program Files/Unity/Hub/Editor/2021.3.26f1/Editor/Data/Resources/UnitySubsystems
[Subsystems] Discovering subsystems at path C:/Users/arjay.comabig1/AnimatorOptimizations/Assets
GfxDevice: creating device client; threaded=0; jobified=0
Direct3D:
    Version:  Direct3D 11.0 [level 11.1]
    Renderer: NVIDIA GeForce RTX 3090 (ID=0x2204)
    Vendor:   NVIDIA
    VRAM:     24340 MB
    Driver:   31.0.15.4601
Initialize mono
Mono path[0] = 'C:/Program Files/Unity/Hub/Editor/2021.3.26f1/Editor/Data/Managed'
Mono path[1] = 'C:/Program Files/Unity/Hub/Editor/2021.3.26f1/Editor/Data/MonoBleedingEdge/lib/mono/unityjit-win32'
Mono config path = 'C:/Program Files/Unity/Hub/Editor/2021.3.26f1/Editor/Data/MonoBleedingEdge/etc'
Using monoOptions --debugger-agent=transport=dt_socket,embedding=1,server=y,suspend=n,address=127.0.0.1:56464
Begin MonoManager ReloadAssembly
Registering precompiled unity dll's ...
Register platform support module: C:/Program Files/Unity/Hub/Editor/2021.3.26f1/Editor/Data/PlaybackEngines/WebGLSupport/UnityEditor.WebGL.Extensions.dll
Register platform support module: C:/Program Files/Unity/Hub/Editor/2021.3.26f1/Editor/Data/PlaybackEngines/AndroidPlayer/UnityEditor.Android.Extensions.dll
Register platform support module: C:/Program Files/Unity/Hub/Editor/2021.3.26f1/Editor/Data/PlaybackEngines/WindowsStandaloneSupport/UnityEditor.WindowsStandalone.Extensions.dll
Registered in 0.007619 seconds.
Native extension for WindowsStandalone target not found
Native extension for Android target not found
Android Extension - Scanning For ADB Devices 305 ms
Native extension for WebGL target not found
Refreshing native plugins compatible for Editor in 63.58 ms, found 3 plugins.
Preloading 0 native plugins for Editor in 0.00 ms.
Mono: successfully reloaded assembly
- Completed reload, in  1.026 seconds
Domain Reload Profiling:
	ReloadAssembly (1027ms)
		BeginReloadAssembly (93ms)
			ExecutionOrderSort (0ms)
			DisableScriptedObjects (0ms)
			BackupInstance (0ms)
			ReleaseScriptingObjects (0ms)
			CreateAndSetChildDomain (1ms)
		EndReloadAssembly (825ms)
			LoadAssemblies (92ms)
			RebuildTransferFunctionScriptingTraits (0ms)
			SetupTypeCache (106ms)
			ReleaseScriptCaches (0ms)
			RebuildScriptCaches (27ms)
			SetupLoadedEditorAssemblies (637ms)
				LogAssemblyErrors (0ms)
				InitializePlatformSupportModulesInManaged (422ms)
				SetLoadedEditorAssemblies (0ms)
				RefreshPlugins (64ms)
				BeforeProcessingInitializeOnLoad (2ms)
				ProcessInitializeOnLoadAttributes (100ms)
				ProcessInitializeOnLoadMethodAttributes (49ms)
				AfterProcessingInitializeOnLoad (0ms)
				EditorAssembliesLoaded (0ms)
			ExecutionOrderSort2 (0ms)
			AwakeInstancesAfterBackupRestoration (0ms)
Platform modules already initialized, skipping
Registering precompiled user dll's ...
Registered in 0.007171 seconds.
Begin MonoManager ReloadAssembly
Symbol file LoadedFromMemory doesn't match image C:\Users\arjay.comabig1\AnimatorOptimizations\Library\PackageCache\com.unity.visualscripting@1.8.0\Editor\VisualScripting.Core\Dependencies\YamlDotNet\Unity.VisualScripting.YamlDotNet.dll
Symbol file LoadedFromMemory doesn't match image C:\Users\arjay.comabig1\AnimatorOptimizations\Library\PackageCache\com.unity.visualscripting@1.8.0\Editor\VisualScripting.Core\Dependencies\DotNetZip\Unity.VisualScripting.IonicZip.dll
Native extension for WindowsStandalone target not found
Native extension for Android target not found
Native extension for WebGL target not found
Refreshing native plugins compatible for Editor in 0.43 ms, found 3 plugins.
Preloading 0 native plugins for Editor in 0.00 ms.
Mono: successfully reloaded assembly
- Completed reload, in  1.064 seconds
Domain Reload Profiling:
	ReloadAssembly (1065ms)
		BeginReloadAssembly (136ms)
			ExecutionOrderSort (0ms)
			DisableScriptedObjects (7ms)
			BackupInstance (0ms)
			ReleaseScriptingObjects (0ms)
			CreateAndSetChildDomain (18ms)
		EndReloadAssembly (795ms)
			LoadAssemblies (104ms)
			RebuildTransferFunctionScriptingTraits (0ms)
			SetupTypeCache (259ms)
			ReleaseScriptCaches (0ms)
			RebuildScriptCaches (48ms)
			SetupLoadedEditorAssemblies (344ms)
				LogAssemblyErrors (0ms)
				InitializePlatformSupportModulesInManaged (22ms)
				SetLoadedEditorAssemblies (0ms)
				RefreshPlugins (0ms)
				BeforeProcessingInitializeOnLoad (70ms)
				ProcessInitializeOnLoadAttributes (221ms)
				ProcessInitializeOnLoadMethodAttributes (23ms)
				AfterProcessingInitializeOnLoad (7ms)
				EditorAssembliesLoaded (0ms)
			ExecutionOrderSort2 (0ms)
			AwakeInstancesAfterBackupRestoration (7ms)
Platform modules already initialized, skipping
========================================================================
Worker process is ready to serve import requests
Launched and connected shader compiler UnityShaderCompiler.exe after 0.05 seconds
Refreshing native plugins compatible for Editor in 0.41 ms, found 3 plugins.
Preloading 0 native plugins for Editor in 0.00 ms.
Unloading 3052 Unused Serialized files (Serialized files now loaded: 0)
Unloading 22 unused Assets / (284.4 KB). Loaded Objects now: 3517.
Memory consumption went from 112.6 MB to 112.3 MB.
Total: 3.148900 ms (FindLiveObjects: 0.410600 ms CreateObjectMapping: 0.105500 ms MarkObjects: 2.560000 ms  DeleteObjects: 0.071800 ms)

AssetImportParameters requested are different than current active one (requested -> active):
  custom:video-decoder-ogg-theora: a1e56fd34408186e4bbccfd4996cb3dc -> 
  custom:container-muxer-webm: aa71ff27fc2769a1b78a27578f13a17b -> 
  custom:container-demuxer-webm: 4f35f7cbe854078d1ac9338744f61a02 -> 
  custom:video-encoder-webm-vp8: eb34c28f22e8b96e1ab97ce403110664 -> 
  custom:audio-encoder-webm-vorbis: bf7c407c2cedff20999df2af8eb42d56 -> 
  custom:framework-win-MediaFoundation: 216162199b28c13a410421893ffa2e32 -> 
  custom:container-demuxer-ogg: 62fdf1f143b41e24485cea50d1cbac27 -> 
  custom:video-decoder-webm-vp8: 9c59270c3fd7afecdb556c50c9e8de78 -> 
  custom:audio-decoder-ogg-vorbis: bf7c407c2cedff20999df2af8eb42d56 -> 
========================================================================
Received Import Request.
  Time since last request: 179071.517711 seconds.
  path: Assets/Scenes/AnimatorOptimizations.unity
  artifactKey: Guid(9fc0d4010bbf28b4594072e72b8655ab) Importer(815301076,1909f56bfc062723c751e8b465ee728b)
Start importing Assets/Scenes/AnimatorOptimizations.unity using Guid(9fc0d4010bbf28b4594072e72b8655ab) Importer(815301076,1909f56bfc062723c751e8b465ee728b)  -> (artifact id: 'e6be0bac404a84a92c65f91c797892fc') in 0.014112 seconds 
========================================================================
Received Import Request.
  Time since last request: 404.320045 seconds.
  path: Assets/Scenes
  artifactKey: Guid(6ec20ef55e5df874680fe7cae960dc0a) Importer(815301076,1909f56bfc062723c751e8b465ee728b)
Start importing Assets/Scenes using Guid(6ec20ef55e5df874680fe7cae960dc0a) Importer(815301076,1909f56bfc062723c751e8b465ee728b)  -> (artifact id: '25be1cb97ea0ba3ba1a399ca98695564') in 0.011497 seconds 
========================================================================
Received Import Request.
  Time since last request: 6.856213 seconds.
  path: Assets/Scenes/Animations
  artifactKey: Guid(c7fed1913bfd42f43ac83bbe64766986) Importer(815301076,1909f56bfc062723c751e8b465ee728b)
Start importing Assets/Scenes/Animations using Guid(c7fed1913bfd42f43ac83bbe64766986) Importer(815301076,1909f56bfc062723c751e8b465ee728b)  -> (artifact id: '121585eb43bd3e90770a1febe453f11d') in 0.010261 seconds 
========================================================================
Received Import Request.
  Time since last request: 5.036506 seconds.
  path: Assets/Scenes/Character
  artifactKey: Guid(d580f63347487e34c99c0aabcceaf5aa) Importer(815301076,1909f56bfc062723c751e8b465ee728b)
Start importing Assets/Scenes/Character using Guid(d580f63347487e34c99c0aabcceaf5aa) Importer(815301076,1909f56bfc062723c751e8b465ee728b)  -> (artifact id: 'e61c434d87291b95685f1c2526d0d457') in 0.010286 seconds 
========================================================================
Received Import Request.
  Time since last request: 9.616983 seconds.
  path: Assets/Scenes/Character/Ch19_nonPBR.fbx
  artifactKey: Guid(83e350a1619fd324089d6218624dadba) Importer(815301076,1909f56bfc062723c751e8b465ee728b)
Start importing Assets/Scenes/Character/Ch19_nonPBR.fbx using Guid(83e350a1619fd324089d6218624dadba) Importer(815301076,1909f56bfc062723c751e8b465ee728b)  -> (artifact id: '89e52b80e78d0f8b67a7bd292f68eb7b') in 0.378603 seconds 
========================================================================
Received Import Request.
  Time since last request: 13.445836 seconds.
  path: Assets/Scenes/Character/Ch19_nonPBR.fbx
  artifactKey: Guid(83e350a1619fd324089d6218624dadba) Importer(815301076,1909f56bfc062723c751e8b465ee728b)
Start importing Assets/Scenes/Character/Ch19_nonPBR.fbx using Guid(83e350a1619fd324089d6218624dadba) Importer(815301076,1909f56bfc062723c751e8b465ee728b)  -> (artifact id: '69eac1d1629d3c929478b74761b9544d') in 0.086185 seconds 
========================================================================
Received Import Request.
  Time since last request: 56.945628 seconds.
  path: Assets/Scenes/Character/Maeterials
  artifactKey: Guid(6e7bfeafe294aa84dae12826a96e6008) Importer(815301076,1909f56bfc062723c751e8b465ee728b)
Start importing Assets/Scenes/Character/Maeterials using Guid(6e7bfeafe294aa84dae12826a96e6008) Importer(815301076,1909f56bfc062723c751e8b465ee728b)  -> (artifact id: '4ab7dc4ae5b83e49b8e65a83df23d0ce') in 0.009129 seconds 
========================================================================
Received Import Request.
  Time since last request: 4.788261 seconds.
  path: Assets/Scenes/Character/Materials
  artifactKey: Guid(6e7bfeafe294aa84dae12826a96e6008) Importer(815301076,1909f56bfc062723c751e8b465ee728b)
Start importing Assets/Scenes/Character/Materials using Guid(6e7bfeafe294aa84dae12826a96e6008) Importer(815301076,1909f56bfc062723c751e8b465ee728b)  -> (artifact id: '490dcafcac6f4ca931825477d0d5aba8') in 0.009650 seconds 
========================================================================
Received Import Request.
  Time since last request: 5.419608 seconds.
  path: Assets/Scenes/Character/Textures
  artifactKey: Guid(4f5c5ef9b4e8bb44fb646bdbcbf02649) Importer(815301076,1909f56bfc062723c751e8b465ee728b)
Start importing Assets/Scenes/Character/Textures using Guid(4f5c5ef9b4e8bb44fb646bdbcbf02649) Importer(815301076,1909f56bfc062723c751e8b465ee728b)  -> (artifact id: '7a34f9d53d47339627ba02ec00ff1c9c') in 0.010024 seconds 
========================================================================
Received Import Request.
  Time since last request: 8.582009 seconds.
  path: Assets/Scenes/Character/Ch19_nonPBR.fbx
  artifactKey: Guid(83e350a1619fd324089d6218624dadba) Importer(815301076,1909f56bfc062723c751e8b465ee728b)
Start importing Assets/Scenes/Character/Ch19_nonPBR.fbx using Guid(83e350a1619fd324089d6218624dadba) Importer(815301076,1909f56bfc062723c751e8b465ee728b)  -> (artifact id: '99835594b1cc510cc0a9c2f231ef65fe') in 0.076332 seconds 
========================================================================
Received Import Request.
  Time since last request: 5.826937 seconds.
  path: Assets/Scenes/Character/Ch19_nonPBR.fbx
  artifactKey: Guid(83e350a1619fd324089d6218624dadba) Importer(815301076,1909f56bfc062723c751e8b465ee728b)
Start importing Assets/Scenes/Character/Ch19_nonPBR.fbx using Guid(83e350a1619fd324089d6218624dadba) Importer(815301076,1909f56bfc062723c751e8b465ee728b)  -> (artifact id: '90c1e635919892eb61df91219c75d826') in 0.063522 seconds 
========================================================================
Received Import Request.
  Time since last request: 3.833640 seconds.
  path: Assets/Scenes/Character/Materials/Ch19_Body.mat
  artifactKey: Guid(a65dffe12e879b04db3f79187eb35363) Importer(815301076,1909f56bfc062723c751e8b465ee728b)
Start importing Assets/Scenes/Character/Materials/Ch19_Body.mat using Guid(a65dffe12e879b04db3f79187eb35363) Importer(815301076,1909f56bfc062723c751e8b465ee728b)  -> (artifact id: '4b6aa4bfbe8fa70d4f07daee35da5c2d') in 0.017541 seconds 
========================================================================
Received Import Request.
  Time since last request: 1.598543 seconds.
  path: Assets/Scenes/Character/Materials/Textures/Ch19_1001_Diffuse.png
  artifactKey: Guid(82281e640e45bad4f91b12393a2e5025) Importer(815301076,1909f56bfc062723c751e8b465ee728b)
Start importing Assets/Scenes/Character/Materials/Textures/Ch19_1001_Diffuse.png using Guid(82281e640e45bad4f91b12393a2e5025) Importer(815301076,1909f56bfc062723c751e8b465ee728b)  -> (artifact id: 'a97c325802180990f309610c88ee3c29') in 0.049568 seconds 
========================================================================
Received Import Request.
  Time since last request: 0.000022 seconds.
  path: Assets/Scenes/Character/Materials/Textures/Ch19_1001_Specular.png
  artifactKey: Guid(a509a2bb976d1d54dbb8a2a130604f93) Importer(815301076,1909f56bfc062723c751e8b465ee728b)
Start importing Assets/Scenes/Character/Materials/Textures/Ch19_1001_Specular.png using Guid(a509a2bb976d1d54dbb8a2a130604f93) Importer(815301076,1909f56bfc062723c751e8b465ee728b)  -> (artifact id: 'dbd111d1c1a3c4038f0a96cfc920b964') in 0.019944 seconds 
========================================================================
Received Import Request.
  Time since last request: 0.000017 seconds.
  path: Assets/Scenes/Character/Materials/Textures/Ch19_1001_Normal.png
  artifactKey: Guid(e45d1af5027019a4198ccfdbc261d475) Importer(815301076,1909f56bfc062723c751e8b465ee728b)
Start importing Assets/Scenes/Character/Materials/Textures/Ch19_1001_Normal.png using Guid(e45d1af5027019a4198ccfdbc261d475) Importer(815301076,1909f56bfc062723c751e8b465ee728b)  -> (artifact id: '1df80652f4fa7727354a7f3899db97e3') in 0.068944 seconds 
========================================================================
Received Import Request.
  Time since last request: 15.520498 seconds.
  path: Assets/Scenes/Character/Materials/Textures/Ch19_1001_Normal.png
  artifactKey: Guid(e45d1af5027019a4198ccfdbc261d475) Importer(815301076,1909f56bfc062723c751e8b465ee728b)
Start importing Assets/Scenes/Character/Materials/Textures/Ch19_1001_Normal.png using Guid(e45d1af5027019a4198ccfdbc261d475) Importer(815301076,1909f56bfc062723c751e8b465ee728b)  -> (artifact id: 'cbca248bee73d3d39fb62c9d58d1d3e3') in 0.031013 seconds 
========================================================================
Received Import Request.
  Time since last request: 129.142685 seconds.
  path: Assets/Scenes/Character/Materials/Ch19_Body.mat
  artifactKey: Guid(a65dffe12e879b04db3f79187eb35363) Importer(815301076,1909f56bfc062723c751e8b465ee728b)
Start importing Assets/Scenes/Character/Materials/Ch19_Body.mat using Guid(a65dffe12e879b04db3f79187eb35363) Importer(815301076,1909f56bfc062723c751e8b465ee728b)  -> (artifact id: '16cde85bca0dd35e2b5500cc5712c652') in 0.220602 seconds 
========================================================================
Received Import Request.
  Time since last request: 313.487602 seconds.
  path: Assets/Scenes/Character/Animations/Character.controller
  artifactKey: Guid(a6e29a4e89d7f4f4ba0890f86da39bb5) Importer(815301076,1909f56bfc062723c751e8b465ee728b)
Start importing Assets/Scenes/Character/Animations/Character.controller using Guid(a6e29a4e89d7f4f4ba0890f86da39bb5) Importer(815301076,1909f56bfc062723c751e8b465ee728b)  -> (artifact id: '71e6d36403c5f7c0a0d14cdf147ee6ad') in 0.012355 seconds 
========================================================================
Received Import Request.
  Time since last request: 8.832749 seconds.
  path: Assets/Scenes/Character/Animations/Character.controller
  artifactKey: Guid(a6e29a4e89d7f4f4ba0890f86da39bb5) Importer(815301076,1909f56bfc062723c751e8b465ee728b)
Start importing Assets/Scenes/Character/Animations/Character.controller using Guid(a6e29a4e89d7f4f4ba0890f86da39bb5) Importer(815301076,1909f56bfc062723c751e8b465ee728b)  -> (artifact id: '094697cd633d2cb9404950f36b2467c6') in 0.002806 seconds 
========================================================================
Received Import Request.
  Time since last request: 24.727001 seconds.
  path: Assets/Scenes/Character/Animations/Ch19_nonPBR@Waving.fbx
  artifactKey: Guid(7896d63dcc409884dbdc0dcc530b36ee) Importer(815301076,1909f56bfc062723c751e8b465ee728b)
Start importing Assets/Scenes/Character/Animations/Ch19_nonPBR@Waving.fbx using Guid(7896d63dcc409884dbdc0dcc530b36ee) Importer(815301076,1909f56bfc062723c751e8b465ee728b)  -> (artifact id: 'c32e03b1681d6e78286a0b161ce2290a') in 0.016992 seconds 
========================================================================
Received Import Request.
  Time since last request: 1.174273 seconds.
  path: Assets/Scenes/Character/Animations/Ch19_nonPBR@Dancing.fbx
  artifactKey: Guid(4a19bf59d458cef499c93e0189e4b924) Importer(815301076,1909f56bfc062723c751e8b465ee728b)
Start importing Assets/Scenes/Character/Animations/Ch19_nonPBR@Dancing.fbx using Guid(4a19bf59d458cef499c93e0189e4b924) Importer(815301076,1909f56bfc062723c751e8b465ee728b)  -> (artifact id: '5e238315b339bc4b207fb94995a1583a') in 0.013201 seconds 
========================================================================
Received Import Request.
  Time since last request: 2.251057 seconds.
  path: Assets/Scenes/Character/Animations/Ch19_nonPBR@Wave Hip Hop Dance.fbx
  artifactKey: Guid(a0982fca5bf8d6949b7fa854c8b1621c) Importer(815301076,1909f56bfc062723c751e8b465ee728b)
Start importing Assets/Scenes/Character/Animations/Ch19_nonPBR@Wave Hip Hop Dance.fbx using Guid(a0982fca5bf8d6949b7fa854c8b1621c) Importer(815301076,1909f56bfc062723c751e8b465ee728b)  -> (artifact id: 'c32c6b8b87773fb586358fe8e5d6cf46') in 0.014094 seconds 
========================================================================
Received Import Request.
  Time since last request: 38.065362 seconds.
  path: Assets/Scenes/Character/Animations/Dancing.anim
  artifactKey: Guid(6037d2b6468028a419e19a42b06ea176) Importer(815301076,1909f56bfc062723c751e8b465ee728b)
Start importing Assets/Scenes/Character/Animations/Dancing.anim using Guid(6037d2b6468028a419e19a42b06ea176) Importer(815301076,1909f56bfc062723c751e8b465ee728b)  -> (artifact id: 'df269623972a8feeed09067e49bbf586') in 0.034315 seconds 
========================================================================
Received Import Request.
  Time since last request: 5.178194 seconds.
  path: Assets/Scenes/Character/Animations/Wave Hip Hop Dance.anim
  artifactKey: Guid(3909fd7f3cee94847b416ff3018509a5) Importer(815301076,1909f56bfc062723c751e8b465ee728b)
Start importing Assets/Scenes/Character/Animations/Wave Hip Hop Dance.anim using Guid(3909fd7f3cee94847b416ff3018509a5) Importer(815301076,1909f56bfc062723c751e8b465ee728b)  -> (artifact id: '25172da161c05ccc6b6a39e58b2818ae') in 0.065444 seconds 
========================================================================
Received Import Request.
  Time since last request: 4.430804 seconds.
  path: Assets/Scenes/Character/Animations/Waving.anim
  artifactKey: Guid(5fe7b10675a360d4daaea499faf1a951) Importer(815301076,1909f56bfc062723c751e8b465ee728b)
Start importing Assets/Scenes/Character/Animations/Waving.anim using Guid(5fe7b10675a360d4daaea499faf1a951) Importer(815301076,1909f56bfc062723c751e8b465ee728b)  -> (artifact id: '621951deb6700564530baa550c57b51e') in 0.015088 seconds 
========================================================================
Received Import Request.
  Time since last request: 28.438219 seconds.
  path: Assets/Scenes/Character/Animations/Ch19_nonPBR@Breathing Idle.fbx
  artifactKey: Guid(358339c0996a5e64c9cf8500fa32ba9f) Importer(815301076,1909f56bfc062723c751e8b465ee728b)
Start importing Assets/Scenes/Character/Animations/Ch19_nonPBR@Breathing Idle.fbx using Guid(358339c0996a5e64c9cf8500fa32ba9f) Importer(815301076,1909f56bfc062723c751e8b465ee728b)  -> (artifact id: '7ac323427bca86618a72d122c744ab61') in 0.013392 seconds 
========================================================================
Received Import Request.
  Time since last request: 2.353926 seconds.
  path: Assets/Scenes/Character/Animations/Breathing Idle.anim
  artifactKey: Guid(e79039c8791c9f24cb7c9627631cfc77) Importer(815301076,1909f56bfc062723c751e8b465ee728b)
Start importing Assets/Scenes/Character/Animations/Breathing Idle.anim using Guid(e79039c8791c9f24cb7c9627631cfc77) Importer(815301076,1909f56bfc062723c751e8b465ee728b)  -> (artifact id: '10d9eade5c92ca5ecf4d763462f53646') in 0.019758 seconds 
========================================================================
Received Import Request.
  Time since last request: 10.168846 seconds.
  path: Assets/Scenes/Character/Animations/Character.controller
  artifactKey: Guid(a6e29a4e89d7f4f4ba0890f86da39bb5) Importer(815301076,1909f56bfc062723c751e8b465ee728b)
Start importing Assets/Scenes/Character/Animations/Character.controller using Guid(a6e29a4e89d7f4f4ba0890f86da39bb5) Importer(815301076,1909f56bfc062723c751e8b465ee728b)  -> (artifact id: '765a65b80649088b9b29460cf31458c7') in 0.094253 seconds 
========================================================================
Received Import Request.
  Time since last request: 256.245683 seconds.
  path: Assets
  artifactKey: Guid(00000000000000001000000000000000) Importer(815301076,1909f56bfc062723c751e8b465ee728b)
Start importing Assets using Guid(00000000000000001000000000000000) Importer(815301076,1909f56bfc062723c751e8b465ee728b)  -> (artifact id: '79842766b460edbeab6a34051e857a80') in 0.010850 seconds 
========================================================================
Received Import Request.
  Time since last request: 2.296800 seconds.
  path: Assets/Scenes/Character/Ch19_nonPBR.fbx
  artifactKey: Guid(83e350a1619fd324089d6218624dadba) Importer(815301076,1909f56bfc062723c751e8b465ee728b)
Start importing Assets/Scenes/Character/Ch19_nonPBR.fbx using Guid(83e350a1619fd324089d6218624dadba) Importer(815301076,1909f56bfc062723c751e8b465ee728b)  -> (artifact id: '90d09117b48a24ef94d6e9cdc4974a0e') in 0.051398 seconds 
========================================================================
Received Import Request.
  Time since last request: 14.613551 seconds.
  path: Assets/Scenes/Character/Animations/MakeCharacterMove.cs
  artifactKey: Guid(43b4997fcfc64ca4196f719db5696dd4) Importer(815301076,1909f56bfc062723c751e8b465ee728b)
Start importing Assets/Scenes/Character/Animations/MakeCharacterMove.cs using Guid(43b4997fcfc64ca4196f719db5696dd4) Importer(815301076,1909f56bfc062723c751e8b465ee728b)  -> (artifact id: '40cab38999e6df6cd0a0086f6d4536db') in 0.016852 seconds 
========================================================================
Received Prepare
Registering precompiled user dll's ...
Registered in 0.004390 seconds.
Begin MonoManager ReloadAssembly
Symbol file LoadedFromMemory doesn't match image C:\Users\arjay.comabig1\AnimatorOptimizations\Library\PackageCache\com.unity.visualscripting@1.8.0\Editor\VisualScripting.Core\Dependencies\YamlDotNet\Unity.VisualScripting.YamlDotNet.dll
Symbol file LoadedFromMemory doesn't match image C:\Users\arjay.comabig1\AnimatorOptimizations\Library\PackageCache\com.unity.visualscripting@1.8.0\Editor\VisualScripting.Core\Dependencies\DotNetZip\Unity.VisualScripting.IonicZip.dll
Native extension for WindowsStandalone target not found
Native extension for Android target not found
Native extension for WebGL target not found
Refreshing native plugins compatible for Editor in 0.49 ms, found 3 plugins.
Preloading 0 native plugins for Editor in 0.00 ms.
Mono: successfully reloaded assembly
- Completed reload, in  1.005 seconds
Domain Reload Profiling:
	ReloadAssembly (1006ms)
		BeginReloadAssembly (147ms)
			ExecutionOrderSort (0ms)
			DisableScriptedObjects (6ms)
			BackupInstance (0ms)
			ReleaseScriptingObjects (0ms)
			CreateAndSetChildDomain (34ms)
		EndReloadAssembly (754ms)
			LoadAssemblies (93ms)
			RebuildTransferFunctionScriptingTraits (0ms)
			SetupTypeCache (251ms)
			ReleaseScriptCaches (1ms)
			RebuildScriptCaches (44ms)
			SetupLoadedEditorAssemblies (302ms)
				LogAssemblyErrors (0ms)
				InitializePlatformSupportModulesInManaged (24ms)
				SetLoadedEditorAssemblies (0ms)
				RefreshPlugins (1ms)
				BeforeProcessingInitializeOnLoad (57ms)
				ProcessInitializeOnLoadAttributes (189ms)
				ProcessInitializeOnLoadMethodAttributes (22ms)
				AfterProcessingInitializeOnLoad (7ms)
				EditorAssembliesLoaded (0ms)
			ExecutionOrderSort2 (0ms)
			AwakeInstancesAfterBackupRestoration (7ms)
Platform modules already initialized, skipping
Refreshing native plugins compatible for Editor in 1.68 ms, found 3 plugins.
Preloading 0 native plugins for Editor in 0.00 ms.
Unloading 3045 Unused Serialized files (Serialized files now loaded: 0)
Unloading 15 unused Assets / (24.7 KB). Loaded Objects now: 3569.
Memory consumption went from 125.1 MB to 125.0 MB.
Total: 2.634400 ms (FindLiveObjects: 0.322200 ms CreateObjectMapping: 0.081500 ms MarkObjects: 2.216500 ms  DeleteObjects: 0.013400 ms)

AssetImportParameters requested are different than current active one (requested -> active):
  custom:video-decoder-ogg-theora: a1e56fd34408186e4bbccfd4996cb3dc -> 
  custom:container-muxer-webm: aa71ff27fc2769a1b78a27578f13a17b -> 
  custom:container-demuxer-webm: 4f35f7cbe854078d1ac9338744f61a02 -> 
  custom:video-encoder-webm-vp8: eb34c28f22e8b96e1ab97ce403110664 -> 
  custom:audio-encoder-webm-vorbis: bf7c407c2cedff20999df2af8eb42d56 -> 
  custom:framework-win-MediaFoundation: 216162199b28c13a410421893ffa2e32 -> 
  custom:container-demuxer-ogg: 62fdf1f143b41e24485cea50d1cbac27 -> 
  custom:video-decoder-webm-vp8: 9c59270c3fd7afecdb556c50c9e8de78 -> 
  custom:audio-decoder-ogg-vorbis: bf7c407c2cedff20999df2af8eb42d56 -> 
